
*** Running vivado
    with args -log four_two_encoder.vdi -applog -m64 -product Vivado -messageDb vivado.pb -mode batch -source four_two_encoder.tcl -notrace


****** Vivado v2018.3 (64-bit)
  **** SW Build 2405991 on Thu Dec  6 23:38:27 MST 2018
  **** IP Build 2404404 on Fri Dec  7 01:43:56 MST 2018
    ** Copyright 1986-2018 Xilinx, Inc. All Rights Reserved.

source four_two_encoder.tcl -notrace
Command: link_design -top four_two_encoder -part xc7z010clg400-1
Design is defaulting to srcset: sources_1
Design is defaulting to constrset: constrs_1
INFO: [Project 1-479] Netlist was created with Vivado 2018.3
INFO: [Device 21-403] Loading part xc7z010clg400-1
INFO: [Project 1-570] Preparing netlist for logic optimization
Parsing XDC File [C:/Users/Joshua/Documents/Ecen248/Lab6/VerilogFiles_Fall2021/248NeededFiles/four_two_encoder.xdc]
Finished Parsing XDC File [C:/Users/Joshua/Documents/Ecen248/Lab6/VerilogFiles_Fall2021/248NeededFiles/four_two_encoder.xdc]
INFO: [Opt 31-138] Pushed 0 inverter(s) to 0 load pin(s).
Netlist sorting complete. Time (s): cpu = 00:00:00 ; elapsed = 00:00:00 . Memory (MB): peak = 559.242 ; gain = 0.000
INFO: [Project 1-111] Unisim Transformation Summary:
No Unisim elements were transformed.

5 Infos, 0 Warnings, 0 Critical Warnings and 0 Errors encountered.
link_design completed successfully
link_design: Time (s): cpu = 00:00:06 ; elapsed = 00:00:08 . Memory (MB): peak = 563.219 ; gain = 316.453
Command: opt_design
Attempting to get a license for feature 'Implementation' and/or device 'xc7z010'
INFO: [Common 17-349] Got license for feature 'Implementation' and/or device 'xc7z010'
Running DRC as a precondition to command opt_design

Starting DRC Task
INFO: [DRC 23-27] Running DRC with 2 threads
INFO: [Project 1-461] DRC finished with 0 Errors
INFO: [Project 1-462] Please refer to the DRC report (report_drc) for more information.

Time (s): cpu = 00:00:01 ; elapsed = 00:00:00.142 . Memory (MB): peak = 563.219 ; gain = 0.000

Starting Cache Timing Information Task
INFO: [Timing 38-35] Done setting XDC timing constraints.
Ending Cache Timing Information Task | Checksum: a71921ae

Time (s): cpu = 00:00:12 ; elapsed = 00:00:14 . Memory (MB): peak = 1089.758 ; gain = 526.539

Starting Logic Optimization Task

Phase 1 Retarget
INFO: [Opt 31-138] Pushed 0 inverter(s) to 0 load pin(s).
INFO: [Opt 31-49] Retargeted 0 cell(s).
Phase 1 Retarget | Checksum: a71921ae

Time (s): cpu = 00:00:00 ; elapsed = 00:00:00.036 . Memory (MB): peak = 1182.559 ; gain = 0.000
INFO: [Opt 31-389] Phase Retarget created 0 cells and removed 0 cells

Phase 2 Constant propagation
INFO: [Opt 31-138] Pushed 0 inverter(s) to 0 load pin(s).
Phase 2 Constant propagation | Checksum: a71921ae

Time (s): cpu = 00:00:00 ; elapsed = 00:00:00.041 . Memory (MB): peak = 1182.559 ; gain = 0.000
INFO: [Opt 31-389] Phase Constant propagation created 0 cells and removed 0 cells

Phase 3 Sweep
Phase 3 Sweep | Checksum: a71921ae

Time (s): cpu = 00:00:00 ; elapsed = 00:00:00.054 . Memory (MB): peak = 1182.559 ; gain = 0.000
INFO: [Opt 31-389] Phase Sweep created 0 cells and removed 0 cells

Phase 4 BUFG optimization
Phase 4 BUFG optimization | Checksum: a71921ae

Time (s): cpu = 00:00:00 ; elapsed = 00:00:00.062 . Memory (MB): peak = 1182.559 ; gain = 0.000
INFO: [Opt 31-662] Phase BUFG optimization created 0 cells of which 0 are BUFGs and removed 0 cells.

Phase 5 Shift Register Optimization
Phase 5 Shift Register Optimization | Checksum: a71921ae

Time (s): cpu = 00:00:00 ; elapsed = 00:00:00.076 . Memory (MB): peak = 1182.559 ; gain = 0.000
INFO: [Opt 31-389] Phase Shift Register Optimization created 0 cells and removed 0 cells

Phase 6 Post Processing Netlist
Phase 6 Post Processing Netlist | Checksum: a71921ae

Time (s): cpu = 00:00:00 ; elapsed = 00:00:00.078 . Memory (MB): peak = 1182.559 ; gain = 0.000
INFO: [Opt 31-389] Phase Post Processing Netlist created 0 cells and removed 0 cells
Opt_design Change Summary
=========================


-------------------------------------------------------------------------------------------------------------------------
|  Phase                        |  #Cells created  |  #Cells Removed  |  #Constrained objects preventing optimizations  |
-------------------------------------------------------------------------------------------------------------------------
|  Retarget                     |               0  |               0  |                                              0  |
|  Constant propagation         |               0  |               0  |                                              0  |
|  Sweep                        |               0  |               0  |                                              0  |
|  BUFG optimization            |               0  |               0  |                                              0  |
|  Shift Register Optimization  |               0  |               0  |                                              0  |
|  Post Processing Netlist      |               0  |               0  |                                              0  |
-------------------------------------------------------------------------------------------------------------------------



Starting Connectivity Check Task

Time (s): cpu = 00:00:00 ; elapsed = 00:00:00.001 . Memory (MB): peak = 1182.559 ; gain = 0.000
Ending Logic Optimization Task | Checksum: a71921ae

Time (s): cpu = 00:00:00 ; elapsed = 00:00:00.083 . Memory (MB): peak = 1182.559 ; gain = 0.000

Starting Power Optimization Task
INFO: [Pwropt 34-132] Skipping clock gating for clocks with a period < 2.00 ns.
Ending Power Optimization Task | Checksum: a71921ae

Time (s): cpu = 00:00:00 ; elapsed = 00:00:00.021 . Memory (MB): peak = 1182.559 ; gain = 0.000

Starting Final Cleanup Task
Ending Final Cleanup Task | Checksum: a71921ae

Time (s): cpu = 00:00:00 ; elapsed = 00:00:00 . Memory (MB): peak = 1182.559 ; gain = 0.000

Starting Netlist Obfuscation Task
Netlist sorting complete. Time (s): cpu = 00:00:00 ; elapsed = 00:00:00 . Memory (MB): peak = 1182.559 ; gain = 0.000
Ending Netlist Obfuscation Task | Checksum: a71921ae

Time (s): cpu = 00:00:00 ; elapsed = 00:00:00 . Memory (MB): peak = 1182.559 ; gain = 0.000
INFO: [Common 17-83] Releasing license: Implementation
21 Infos, 0 Warnings, 0 Critical Warnings and 0 Errors encountered.
opt_design completed successfully
opt_design: Time (s): cpu = 00:00:15 ; elapsed = 00:00:16 . Memory (MB): peak = 1182.559 ; gain = 619.340
Netlist sorting complete. Time (s): cpu = 00:00:00 ; elapsed = 00:00:00 . Memory (MB): peak = 1182.559 ; gain = 0.000
INFO: [Timing 38-480] Writing timing data to binary archive.
Writing placer database...
Writing XDEF routing.
Writing XDEF routing logical nets.
Writing XDEF routing special nets.
Write XDEF Complete: Time (s): cpu = 00:00:00 ; elapsed = 00:00:00.077 . Memory (MB): peak = 1182.559 ; gain = 0.000
Netlist sorting complete. Time (s): cpu = 00:00:00 ; elapsed = 00:00:00 . Memory (MB): peak = 1182.559 ; gain = 0.000
INFO: [Common 17-1381] The checkpoint 'C:/Users/Joshua/Documents/Ecen248/Lab6/Lab6.runs/impl_1/four_two_encoder_opt.dcp' has been generated.
INFO: [runtcl-4] Executing : report_drc -file four_two_encoder_drc_opted.rpt -pb four_two_encoder_drc_opted.pb -rpx four_two_encoder_drc_opted.rpx
Command: report_drc -file four_two_encoder_drc_opted.rpt -pb four_two_encoder_drc_opted.pb -rpx four_two_encoder_drc_opted.rpx
INFO: [IP_Flow 19-234] Refreshing IP repositories
INFO: [IP_Flow 19-1704] No user IP repositories specified
INFO: [IP_Flow 19-2313] Loaded Vivado IP repository 'C:/Xilinx/Vivado/2018.3/data/ip'.
INFO: [DRC 23-27] Running DRC with 2 threads
INFO: [Coretcl 2-168] The results of DRC are in file C:/Users/Joshua/Documents/Ecen248/Lab6/Lab6.runs/impl_1/four_two_encoder_drc_opted.rpt.
report_drc completed successfully
Command: place_design
Attempting to get a license for feature 'Implementation' and/or device 'xc7z010'
INFO: [Common 17-349] Got license for feature 'Implementation' and/or device 'xc7z010'
INFO: [DRC 23-27] Running DRC with 2 threads
INFO: [Vivado_Tcl 4-198] DRC finished with 0 Errors
INFO: [Vivado_Tcl 4-199] Please refer to the DRC report (report_drc) for more information.
Running DRC as a precondition to command place_design
INFO: [DRC 23-27] Running DRC with 2 threads
INFO: [Vivado_Tcl 4-198] DRC finished with 0 Errors
INFO: [Vivado_Tcl 4-199] Please refer to the DRC report (report_drc) for more information.

Starting Placer Task
INFO: [Place 30-611] Multithreading enabled for place_design using a maximum of 2 CPUs

Phase 1 Placer Initialization

Phase 1.1 Placer Initialization Netlist Sorting
Netlist sorting complete. Time (s): cpu = 00:00:00 ; elapsed = 00:00:00 . Memory (MB): peak = 1182.559 ; gain = 0.000
Phase 1.1 Placer Initialization Netlist Sorting | Checksum: 18e1fde6

Time (s): cpu = 00:00:00 ; elapsed = 00:00:00.023 . Memory (MB): peak = 1182.559 ; gain = 0.000
Netlist sorting complete. Time (s): cpu = 00:00:00 ; elapsed = 00:00:00 . Memory (MB): peak = 1182.559 ; gain = 0.000

Phase 1.2 IO Placement/ Clock Placement/ Build Placer Device
INFO: [Timing 38-35] Done setting XDC timing constraints.
Phase 1.2 IO Placement/ Clock Placement/ Build Placer Device | Checksum: 18e1fde6

Time (s): cpu = 00:00:00 ; elapsed = 00:00:00.589 . Memory (MB): peak = 1192.914 ; gain = 10.355

Phase 1.3 Build Placer Netlist Model
Phase 1.3 Build Placer Netlist Model | Checksum: 39fc63f1

Time (s): cpu = 00:00:00 ; elapsed = 00:00:00.649 . Memory (MB): peak = 1192.914 ; gain = 10.355

Phase 1.4 Constrain Clocks/Macros
Phase 1.4 Constrain Clocks/Macros | Checksum: 39fc63f1

Time (s): cpu = 00:00:00 ; elapsed = 00:00:00.653 . Memory (MB): peak = 1192.914 ; gain = 10.355
Phase 1 Placer Initialization | Checksum: 39fc63f1

Time (s): cpu = 00:00:00 ; elapsed = 00:00:00.661 . Memory (MB): peak = 1192.914 ; gain = 10.355

Phase 2 Global Placement

Phase 2.1 Floorplanning
Phase 2.1 Floorplanning | Checksum: 39fc63f1

Time (s): cpu = 00:00:00 ; elapsed = 00:00:00.680 . Memory (MB): peak = 1192.914 ; gain = 10.355
WARNING: [Place 46-29] place_design is not in timing mode. Skip physical synthesis in placer
Phase 2 Global Placement | Checksum: b6dbe832

Time (s): cpu = 00:00:01 ; elapsed = 00:00:01 . Memory (MB): peak = 1194.273 ; gain = 11.715

Phase 3 Detail Placement

Phase 3.1 Commit Multi Column Macros
Phase 3.1 Commit Multi Column Macros | Checksum: b6dbe832

Time (s): cpu = 00:00:01 ; elapsed = 00:00:01 . Memory (MB): peak = 1194.273 ; gain = 11.715

Phase 3.2 Commit Most Macros & LUTRAMs
Phase 3.2 Commit Most Macros & LUTRAMs | Checksum: 37d68933

Time (s): cpu = 00:00:01 ; elapsed = 00:00:01 . Memory (MB): peak = 1194.273 ; gain = 11.715

Phase 3.3 Area Swap Optimization
Phase 3.3 Area Swap Optimization | Checksum: c6871227

Time (s): cpu = 00:00:01 ; elapsed = 00:00:01 . Memory (MB): peak = 1194.273 ; gain = 11.715

Phase 3.4 Pipeline Register Optimization
Phase 3.4 Pipeline Register Optimization | Checksum: c6871227

Time (s): cpu = 00:00:01 ; elapsed = 00:00:01 . Memory (MB): peak = 1194.273 ; gain = 11.715

Phase 3.5 Small Shape Detail Placement
Phase 3.5 Small Shape Detail Placement | Checksum: 17ee73a6d

Time (s): cpu = 00:00:01 ; elapsed = 00:00:01 . Memory (MB): peak = 1196.406 ; gain = 13.848

Phase 3.6 Re-assign LUT pins
Phase 3.6 Re-assign LUT pins | Checksum: 17ee73a6d

Time (s): cpu = 00:00:01 ; elapsed = 00:00:01 . Memory (MB): peak = 1196.406 ; gain = 13.848

Phase 3.7 Pipeline Register Optimization
Phase 3.7 Pipeline Register Optimization | Checksum: 17ee73a6d

Time (s): cpu = 00:00:01 ; elapsed = 00:00:01 . Memory (MB): peak = 1196.406 ; gain = 13.848
Phase 3 Detail Placement | Checksum: 17ee73a6d

Time (s): cpu = 00:00:01 ; elapsed = 00:00:01 . Memory (MB): peak = 1196.406 ; gain = 13.848

Phase 4 Post Placement Optimization and Clean-Up

Phase 4.1 Post Commit Optimization
Phase 4.1 Post Commit Optimization | Checksum: 17ee73a6d

Time (s): cpu = 00:00:01 ; elapsed = 00:00:01 . Memory (MB): peak = 1196.406 ; gain = 13.848

Phase 4.2 Post Placement Cleanup
Phase 4.2 Post Placement Cleanup | Checksum: 17ee73a6d

Time (s): cpu = 00:00:01 ; elapsed = 00:00:01 . Memory (MB): peak = 1196.406 ; gain = 13.848

Phase 4.3 Placer Reporting
Phase 4.3 Placer Reporting | Checksum: 17ee73a6d

Time (s): cpu = 00:00:01 ; elapsed = 00:00:01 . Memory (MB): peak = 1196.406 ; gain = 13.848

Phase 4.4 Final Placement Cleanup
Netlist sorting complete. Time (s): cpu = 00:00:00 ; elapsed = 00:00:00 . Memory (MB): peak = 1196.406 ; gain = 0.000
Phase 4.4 Final Placement Cleanup | Checksum: 17ee73a6d

Time (s): cpu = 00:00:01 ; elapsed = 00:00:01 . Memory (MB): peak = 1196.406 ; gain = 13.848
Phase 4 Post Placement Optimization and Clean-Up | Checksum: 17ee73a6d

Time (s): cpu = 00:00:01 ; elapsed = 00:00:01 . Memory (MB): peak = 1196.406 ; gain = 13.848
Ending Placer Task | Checksum: 9bd04613

Time (s): cpu = 00:00:01 ; elapsed = 00:00:01 . Memory (MB): peak = 1196.406 ; gain = 13.848
INFO: [Common 17-83] Releasing license: Implementation
39 Infos, 1 Warnings, 0 Critical Warnings and 0 Errors encountered.
place_design completed successfully
Netlist sorting complete. Time (s): cpu = 00:00:00 ; elapsed = 00:00:00 . Memory (MB): peak = 1196.406 ; gain = 0.000
INFO: [Timing 38-480] Writing timing data to binary archive.
Writing placer database...
Writing XDEF routing.
Writing XDEF routing logical nets.
Writing XDEF routing special nets.
Write XDEF Complete: Time (s): cpu = 00:00:00 ; elapsed = 00:00:00.086 . Memory (MB): peak = 1202.164 ; gain = 5.758
Netlist sorting complete. Time (s): cpu = 00:00:00 ; elapsed = 00:00:00.001 . Memory (MB): peak = 1206.375 ; gain = 0.000
INFO: [Common 17-1381] The checkpoint 'C:/Users/Joshua/Documents/Ecen248/Lab6/Lab6.runs/impl_1/four_two_encoder_placed.dcp' has been generated.
INFO: [runtcl-4] Executing : report_io -file four_two_encoder_io_placed.rpt
report_io: Time (s): cpu = 00:00:00 ; elapsed = 00:00:00.071 . Memory (MB): peak = 1208.348 ; gain = 0.000
INFO: [runtcl-4] Executing : report_utilization -file four_two_encoder_utilization_placed.rpt -pb four_two_encoder_utilization_placed.pb
INFO: [runtcl-4] Executing : report_control_sets -verbose -file four_two_encoder_control_sets_placed.rpt
report_control_sets: Time (s): cpu = 00:00:00 ; elapsed = 00:00:00.002 . Memory (MB): peak = 1208.348 ; gain = 0.000
Command: route_design
Attempting to get a license for feature 'Implementation' and/or device 'xc7z010'
INFO: [Common 17-349] Got license for feature 'Implementation' and/or device 'xc7z010'
Running DRC as a precondition to command route_design
INFO: [DRC 23-27] Running DRC with 2 threads
INFO: [Vivado_Tcl 4-198] DRC finished with 0 Errors
INFO: [Vivado_Tcl 4-199] Please refer to the DRC report (report_drc) for more information.


Starting Routing Task
INFO: [Route 35-254] Multithreading enabled for route_design using a maximum of 2 CPUs
Checksum: PlaceDB: 9a0c1e00 ConstDB: 0 ShapeSum: 1c42813 RouteDB: 0

Phase 1 Build RT Design
Phase 1 Build RT Design | Checksum: 157672397

Time (s): cpu = 00:00:20 ; elapsed = 00:00:19 . Memory (MB): peak = 1279.750 ; gain = 71.402
Post Restoration Checksum: NetGraph: 66823a26 NumContArr: f0e4e971 Constraints: 0 Timing: 0

Phase 2 Router Initialization
INFO: [Route 35-64] No timing constraints were detected. The router will operate in resource-optimization mode.

Phase 2.1 Fix Topology Constraints
Phase 2.1 Fix Topology Constraints | Checksum: 157672397

Time (s): cpu = 00:00:20 ; elapsed = 00:00:19 . Memory (MB): peak = 1285.809 ; gain = 77.461

Phase 2.2 Pre Route Cleanup
Phase 2.2 Pre Route Cleanup | Checksum: 157672397

Time (s): cpu = 00:00:20 ; elapsed = 00:00:19 . Memory (MB): peak = 1285.809 ; gain = 77.461
 Number of Nodes with overlaps = 0
Phase 2 Router Initialization | Checksum: 610b5c8d

Time (s): cpu = 00:00:20 ; elapsed = 00:00:19 . Memory (MB): peak = 1285.809 ; gain = 77.461

Phase 3 Initial Routing
Phase 3 Initial Routing | Checksum: 125779c13

Time (s): cpu = 00:00:20 ; elapsed = 00:00:19 . Memory (MB): peak = 1286.969 ; gain = 78.621

Phase 4 Rip-up And Reroute

Phase 4.1 Global Iteration 0
 Number of Nodes with overlaps = 0
Phase 4.1 Global Iteration 0 | Checksum: 119376d75

Time (s): cpu = 00:00:20 ; elapsed = 00:00:19 . Memory (MB): peak = 1286.969 ; gain = 78.621
Phase 4 Rip-up And Reroute | Checksum: 119376d75

Time (s): cpu = 00:00:20 ; elapsed = 00:00:19 . Memory (MB): peak = 1286.969 ; gain = 78.621

Phase 5 Delay and Skew Optimization
Phase 5 Delay and Skew Optimization | Checksum: 119376d75

Time (s): cpu = 00:00:20 ; elapsed = 00:00:19 . Memory (MB): peak = 1286.969 ; gain = 78.621

Phase 6 Post Hold Fix

Phase 6.1 Hold Fix Iter
Phase 6.1 Hold Fix Iter | Checksum: 119376d75

Time (s): cpu = 00:00:20 ; elapsed = 00:00:19 . Memory (MB): peak = 1286.969 ; gain = 78.621
Phase 6 Post Hold Fix | Checksum: 119376d75

Time (s): cpu = 00:00:20 ; elapsed = 00:00:19 . Memory (MB): peak = 1286.969 ; gain = 78.621

Phase 7 Route finalize

Router Utilization Summary
  Global Vertical Routing Utilization    = 0.0313908 %
  Global Horizontal Routing Utilization  = 0.00413603 %
  Routable Net Status*
  *Does not include unroutable nets such as driverless and loadless.
  Run report_route_status for detailed report.
  Number of Failed Nets               = 0
  Number of Unrouted Nets             = 0
  Number of Partially Routed Nets     = 0
  Number of Node Overlaps             = 0

Congestion Report
North Dir 1x1 Area, Max Cong = 16.2162%, No Congested Regions.
South Dir 1x1 Area, Max Cong = 16.2162%, No Congested Regions.
East Dir 1x1 Area, Max Cong = 2.94118%, No Congested Regions.
West Dir 1x1 Area, Max Cong = 2.94118%, No Congested Regions.

------------------------------
Reporting congestion hotspots
------------------------------
Direction: North
----------------
Congested clusters found at Level 0
Effective congestion level: 0 Aspect Ratio: 1 Sparse Ratio: 0
Direction: South
----------------
Congested clusters found at Level 0
Effective congestion level: 0 Aspect Ratio: 1 Sparse Ratio: 0
Direction: East
----------------
Congested clusters found at Level 0
Effective congestion level: 0 Aspect Ratio: 1 Sparse Ratio: 0
Direction: West
----------------
Congested clusters found at Level 0
Effective congestion level: 0 Aspect Ratio: 1 Sparse Ratio: 0

Phase 7 Route finalize | Checksum: 119376d75

Time (s): cpu = 00:00:20 ; elapsed = 00:00:19 . Memory (MB): peak = 1286.969 ; gain = 78.621

Phase 8 Verifying routed nets

 Verification completed successfully
Phase 8 Verifying routed nets | Checksum: 119376d75

Time (s): cpu = 00:00:20 ; elapsed = 00:00:19 . Memory (MB): peak = 1289.016 ; gain = 80.668

Phase 9 Depositing Routes
Phase 9 Depositing Routes | Checksum: f2035ea7

Time (s): cpu = 00:00:20 ; elapsed = 00:00:19 . Memory (MB): peak = 1289.016 ; gain = 80.668
INFO: [Route 35-16] Router Completed Successfully

Time (s): cpu = 00:00:20 ; elapsed = 00:00:19 . Memory (MB): peak = 1289.016 ; gain = 80.668

Routing Is Done.
INFO: [Common 17-83] Releasing license: Implementation
52 Infos, 1 Warnings, 0 Critical Warnings and 0 Errors encountered.
route_design completed successfully
route_design: Time (s): cpu = 00:00:21 ; elapsed = 00:00:20 . Memory (MB): peak = 1289.016 ; gain = 80.668
Netlist sorting complete. Time (s): cpu = 00:00:00 ; elapsed = 00:00:00 . Memory (MB): peak = 1289.016 ; gain = 0.000
INFO: [Timing 38-480] Writing timing data to binary archive.
Writing placer database...
Writing XDEF routing.
Writing XDEF routing logical nets.
Writing XDEF routing special nets.
Write XDEF Complete: Time (s): cpu = 00:00:00 ; elapsed = 00:00:00.070 . Memory (MB): peak = 1289.016 ; gain = 0.000
Netlist sorting complete. Time (s): cpu = 00:00:00 ; elapsed = 00:00:00 . Memory (MB): peak = 1289.016 ; gain = 0.000
INFO: [Common 17-1381] The checkpoint 'C:/Users/Joshua/Documents/Ecen248/Lab6/Lab6.runs/impl_1/four_two_encoder_routed.dcp' has been generated.
INFO: [runtcl-4] Executing : report_drc -file four_two_encoder_drc_routed.rpt -pb four_two_encoder_drc_routed.pb -rpx four_two_encoder_drc_routed.rpx
Command: report_drc -file four_two_encoder_drc_routed.rpt -pb four_two_encoder_drc_routed.pb -rpx four_two_encoder_drc_routed.rpx
INFO: [IP_Flow 19-1839] IP Catalog is up to date.
INFO: [DRC 23-27] Running DRC with 2 threads
INFO: [Coretcl 2-168] The results of DRC are in file C:/Users/Joshua/Documents/Ecen248/Lab6/Lab6.runs/impl_1/four_two_encoder_drc_routed.rpt.
report_drc completed successfully
INFO: [runtcl-4] Executing : report_methodology -file four_two_encoder_methodology_drc_routed.rpt -pb four_two_encoder_methodology_drc_routed.pb -rpx four_two_encoder_methodology_drc_routed.rpx
Command: report_methodology -file four_two_encoder_methodology_drc_routed.rpt -pb four_two_encoder_methodology_drc_routed.pb -rpx four_two_encoder_methodology_drc_routed.rpx
INFO: [Timing 38-35] Done setting XDC timing constraints.
INFO: [DRC 23-133] Running Methodology with 2 threads
INFO: [Coretcl 2-1520] The results of Report Methodology are in file C:/Users/Joshua/Documents/Ecen248/Lab6/Lab6.runs/impl_1/four_two_encoder_methodology_drc_routed.rpt.
report_methodology completed successfully
INFO: [runtcl-4] Executing : report_power -file four_two_encoder_power_routed.rpt -pb four_two_encoder_power_summary_routed.pb -rpx four_two_encoder_power_routed.rpx
Command: report_power -file four_two_encoder_power_routed.rpt -pb four_two_encoder_power_summary_routed.pb -rpx four_two_encoder_power_routed.rpx
WARNING: [Power 33-232] No user defined clocks were found in the design!
Resolution: Please specify clocks using create_clock/create_generated_clock for sequential elements. For pure combinatorial circuits, please specify a virtual clock, otherwise the vectorless estimation might be inaccurate
INFO: [Timing 38-35] Done setting XDC timing constraints.
Running Vector-less Activity Propagation...

Finished Running Vector-less Activity Propagation
64 Infos, 2 Warnings, 0 Critical Warnings and 0 Errors encountered.
report_power completed successfully
INFO: [runtcl-4] Executing : report_route_status -file four_two_encoder_route_status.rpt -pb four_two_encoder_route_status.pb
INFO: [runtcl-4] Executing : report_timing_summary -max_paths 10 -file four_two_encoder_timing_summary_routed.rpt -pb four_two_encoder_timing_summary_routed.pb -rpx four_two_encoder_timing_summary_routed.rpx -warn_on_violation 
INFO: [Timing 38-91] UpdateTimingParams: Speed grade: -1, Delay Type: min_max.
INFO: [Timing 38-191] Multithreading enabled for timing update using a maximum of 2 CPUs
WARNING: [Timing 38-313] There are no user specified timing constraints. Timing constraints are needed for proper timing analysis.
INFO: [runtcl-4] Executing : report_incremental_reuse -file four_two_encoder_incremental_reuse_routed.rpt
INFO: [Vivado_Tcl 4-1062] Incremental flow is disabled. No incremental reuse Info to report.
INFO: [runtcl-4] Executing : report_clock_utilization -file four_two_encoder_clock_utilization_routed.rpt
INFO: [runtcl-4] Executing : report_bus_skew -warn_on_violation -file four_two_encoder_bus_skew_routed.rpt -pb four_two_encoder_bus_skew_routed.pb -rpx four_two_encoder_bus_skew_routed.rpx
INFO: [Timing 38-91] UpdateTimingParams: Speed grade: -1, Delay Type: min_max.
INFO: [Timing 38-191] Multithreading enabled for timing update using a maximum of 2 CPUs
Command: write_bitstream -force four_two_encoder.bit
Attempting to get a license for feature 'Implementation' and/or device 'xc7z010'
INFO: [Common 17-349] Got license for feature 'Implementation' and/or device 'xc7z010'
Running DRC as a precondition to command write_bitstream
INFO: [IP_Flow 19-1839] IP Catalog is up to date.
INFO: [DRC 23-27] Running DRC with 2 threads
WARNING: [DRC ZPS7-1] PS7 block required: The PS7 cell must be used in this Zynq design in order to enable correct default configuration.
INFO: [Vivado 12-3199] DRC finished with 0 Errors, 1 Warnings
INFO: [Vivado 12-3200] Please refer to the DRC report (report_drc) for more information.
INFO: [Designutils 20-2272] Running write_bitstream with 2 threads.
Loading data files...
Loading site data...
Loading route data...
Processing options...
Creating bitmap...
Creating bitstream...
Writing bitstream ./four_two_encoder.bit...
INFO: [Vivado 12-1842] Bitgen Completed Successfully.
INFO: [Project 1-120] WebTalk data collection is mandatory when using a WebPACK part without a full Vivado license. To see the specific WebTalk data collected for your design, open the usage_statistics_webtalk.html or usage_statistics_webtalk.xml file in the implementation directory.
INFO: [Common 17-83] Releasing license: Implementation
83 Infos, 4 Warnings, 0 Critical Warnings and 0 Errors encountered.
write_bitstream completed successfully
write_bitstream: Time (s): cpu = 00:00:13 ; elapsed = 00:00:14 . Memory (MB): peak = 1733.969 ; gain = 398.074
INFO: [Common 17-206] Exiting Vivado at Thu Oct 14 19:01:48 2021...
